<?xml version="1.0" encoding="UTF-8" ?>

<testsuite failures="${results.failures}" time="${results.time/1000}" errors="${results.errors}" skipped="0" tests="${results.success}" name="${test.cut(".class")}">
#{list items:results.results, as:'result'}
  <testcase classname="${test.cut(".class")}" name="${result.name}" time="${result.time/1000}">
    #{if !result.passed}
      #{if result.error?.startsWith("Failure")}
        <failure type="" message="${result.error.escapeXml().raw()}">
        <![CDATA[
          ${result.sourceInfos}
          ${play.utils.Utils.open(result.sourceFile, result.sourceLine) ? ('<a href="' + play.utils.Utils.open(result.sourceFile, result.sourceLine) + '">').raw() : ''}
              ${result.sourceCode} :
          ${play.utils.Utils.open(result.sourceFile, result.sourceLine) ? '</a>'.raw() : ''}
        ]]>
        </failure>
        #{if result.trace}
          <system-err>
            ${result.trace.escapeXml().raw()}
          </system-err>  
        #{/if}}
      #{/if}
      #{else}
        <error type="" message="${result.error.escapeXml()}">
        <![CDATA[
          ${result.sourceInfos}
          ${play.utils.Utils.open(result.sourceFile, result.sourceLine) ? ('<a href="' + play.utils.Utils.open(result.sourceFile, result.sourceLine) + '">').raw() : ''}
              ${result.sourceCode} :
          ${play.utils.Utils.open(result.sourceFile, result.sourceLine) ? '</a>'.raw() : ''}
        ]]>
        </error>
        #{if result.trace}
          <system-err>
            ${result.trace.escapeXml().raw()}
          </system-err>  
        #{/if}}
      #{/else}
    #{/if}
  </testcase>
#{/list}
</testsuite>